My girlfriend criticised my apartment, so I knocked her flat
I really wanted a camouflage shirt, but I couldn't find one.
Jill broke her finger today, but on the other hand she was completely fine.
I try wearing tight jeans, but I can never pull it off.
I planned to find my watch today, but I didn't have the time.
The skeleton was trying tibia little humerus.
You want to clone yourself? Now wouldn't that be just like you!
I always believed my body was a prison for me. I was right, in biology I learnt they were made of cells.
The crowd at the Cannibal's party grew silent when he announced he would be serving finger foods.
I almost got my haircut then I thought I'd mullet over first.
Mooning is lunacy.
The testimony at the barbershop is mostly hair-say.
A no-fly zone prohibits zippers.
Learning to walk in high heels will keep you on your toes.
Masks have no face value!
I don't know why my eyeglass lenses were steamed up. I was mystified.
Does my great new smile denture ego?
I think my dad was frightened when he started using Rogaine. He said it was a hair-raising experience.
An umbilical cord is a navel vessel.
Is a group of fingerprints considered to be a whorl pool?
He frequently practices furtive looks to operate at peek efficiency.
He, who survives embalming, truly has esprit de corpse.
I keep walking methodically back and forth. I have to learn to pace myself.
Do beginner vampires go to batting practice?
People who cry a lot have a wail of a time.
Body language is self explanatory!
His head may have been 12 inches long, but he didn't use it as a rule.
Way back when, I used to remember things by tying a string around my finger. Even then I had digital memory.
Last night I dreamt of a babbling brook. I had a stream of unconsciousness.
I have a bad, bad pain in my toe, no gout about it.
Slimmers are all losers.
My foul language has become routine. It is par for the cuss.
He was so skinny, his shoulder-blade kept cutting his shirts.
When my granddaughter lost her baby molar she was demolarised and brushed the tooth fairy claim.
This small hoodie fits pretty great, it's just hard to pull off.
The new robotic cuspidor, despite its speed and efficiency, failed to meet my expectorations.
They say it's easy to get your mind around introspection.
The man shed a tear as he saw his old storage space come down.
To expectorate is bad grammar, because it is a spit infinitive.
To stop snow from entering your mouth in a blizzard you should grit your teeth!
Did you hear about the crime that happened in a parking garage? It was wrong on so many levels.
Weight loss pills stolen this morning - police say suspects are still at large.
How did Mister Nucleus escape from prison? Through the cell wall.
They won't know who robbed the Scotch factory until they check the tape.
Obituaries of those hanged in the old west used to be posted in the noose paper.
When the shocked IRS agent was found guilty of tax evasion he had to take time to collect himself.
When the gunman walked in, he turned the store into a flee market.
The nudist was acquitted of indecent exposure because nobody could pin the wrap on her.
I got a small ticket for speeding. It's fine with me.
The new jail tunnel was a runaway success.
I knew I had to pay the mobster the money I owed him. It was a matter of life or debt.
Murder with knives is very messy, and I suggest not taking a stab at it.
Coin counterfeiting is a bad mintin' racket.
The international jewel thieves were hard to catch because they had a good ring leader.
The defendant in a coffee theft trial refused to testify on the grounds that could incriminate him.
I met two policemen in a lift, I realized then I was going down.
The cat burglar was accused of felineous intent.
What kind of crime is committed when a bird is attacked? A featheral offense.
Art theft is a haul of frames.
A funny criminal is a silicon.
The winter drive-by shooting was a slay ride.
He was the most dishonest and cleverest card shark in the city, the police said he will be dealt with.
At his trial, the author needed a character witness.
Where do you imprison a skeleton? In a rib cage.
I used to have a bad record with soap, but now my slate is clean.
When I told them about how I escaped my pumpkin prison, they said I was out of my gourd.
Due to censorship, prison messages are often taken out of context.
I was accused of stealing a house, but all charges were dropped as the claims were without foundation.
A phishing hacker was hooked on line by cops!
The third degree is a diploma for successful criminals.
It was boring to listen to the prisoner as he kept repeating how sorry he was for his crime. He was con trite.
Did you hear about the bivalve they called in to interrogate for that big murder investigation? Apparently, he's clammed up.
The bank robber looked so peaceful and innocent lying there under his big fluffy blanket. Just goes to show you, you can't judge a crook by his cover.
When the Aztec warrior was about to be punished severely, he was so sad he was disheartened.
The evil molecule couldn't be prosecuted during the day, so it had a nitrile instead.
Money laundering is a dirty trade for a clean profit!
He was worried he would get a parking ticket. It was a case of mind over meter.
I saw this bloke walking into court and he was carrying a large box, 10 minutes later he came out, it was a briefcase.
The killer followed the psychopath into the forest where he was surrounded by the copse.
When the inept actor tried to steal a farmer's omelet with greens, the ham was collard in short order.
The mass murderer was always grumpy. He was a surly ol' killer.
Sainthood is a gangster who truly repented.
He sold a batch of release spray to someone in jail but it was just a silly-con.
She said she never sat for the artist. The fact she is now being portrayed as a painted lady is a frame-up.
The doorway was crushed when the transom was taken for ransom.
They are showing 'The Green Mile' at the big house today. It's a conflict.
I'd tell you a chemistry joke but I know I wouldn't get a reaction.
The other day I held the door open for a clown. I thought it was a nice jester.
The tale of the haunted refrigerator was chilling.
I had a hand in the puppet show.
Have you read the book about teleportation? It's bound to get you somewhere.
I had plans to begin reading a book about sinkholes but they fell through.
People say that as a child, William Shakespeare was very playful.
Labyrinths are amazing.
The artist's favorite swimming technique was the brushstroke.
I went to go see the movie 'Shrek' last weekend, it was so ogre rated.
Shakespeare had to get his act together to finish his play.
The electrician worked hard to get in shape so he could perform with Circuit Soleil.
Moliere's influence on modern comedy just shows that he was very farce-sighted.
Cartoons produced by the Japanese government are animes of the state.
Carpet-layers make great dancers - they can really cut a rug!
I will tell you a pun about floating but I'm sorry it wouldn't go down too well.
I've just read a book about a bean growing up in Southern USA. It's called The Adventures of Tom Soya.
I held the door for a mime the other day, I thought it was a nice gesture.
Often what separates a good pun, from a great one, is just a matter of 'clause and effect'.
The thing about vampires is they always have such biting humour.
I wonder how much an anagram weighs?
When a fellow in Venice was planning a party, he asked his wife if they should invite Othello. She said, 'Sure, the Moor the merrier.'
What's a lightbulb's favorite movie? The Shining.
The tap dancer's routine ran hot and cold.
If you want a big bang for your dollar, buying balloons is okay, but buying wood to build a fire works.
I am really getting tired of sleeping jokes!
Batman bought a fedora. He wanted to be the capped crusader.
I've never enjoyed paperback books: their blend of wooden characters and watered-down plots makes them pulpy.
At all stages Shakespeare was a playful character!
A South American element in 'The Princess Bride'? Incan-ceivable!
I didn't really like the movie about construction. Too many potholes.
Iamb a poet.
Steve was such a great con man that he made millions by selling his book 'The Path to Logical Lying'.
Before becoming a philosopher, Kant worked quality control on a vineyard. His most famous book is 'The Critique of Pure Raisin.'
The champion ballet dancer watched his feat in the video footage!
Shakespeare's parrot was the bird of Avon.
The punctual zombie was undead on time.
To vulcanize is to become like Spock.
Digest is morbid humor.
The joke backfired, but it fired back again.
Shakespeare spent so much time at the Globe Theater because he was bored of Avon.
No one knew she had a dental implant until it came out in a conversation.
I've been to the dentist several times so I know the drill.
I got a gold filling and put my money where my mouth is.
Contemplating my imminent root canal procedure was deeply unnerving.
Dental care in Panama is called a route canal.
My dentist would simply not stop working on my teeth. He was abscessive compulsive.
I got my job at the dentist's office by word of mouth.
The dentist put braces on his patient as a stop-gap measure.
The dentist's alibi was full of holes, so the police performed a cavity search.
I tried talking to my dentist during a cleaning, but my words got flossed in translation.
The sad dentist looked down in the mouth.
My dentist seems distracted, I think he was brushing me off.
An orthodontist was found dead, killed with a hatchet. However, no one was arrested as the death was declared axe-idental.
Is an uninfected tooth in a pre-carious state?
My dentist is sneaky. He pulled a fast one!
I am always sad when I go to the dentist, so I put on music and listen through my blue tooth headphones.
Dentists on death fill their last cavity.
I think Santa has riverfront property in Brazil. All our presents came from Amazon this year.
Smaller babies may be delivered by stork but the heavier ones need a crane.
People are choosing cremation over traditional burial. It shows that they are thinking out of the box.
The Balloon family name died off when it ran out of heir.
Arranging Goliath's funeral was a giant undertaking.
My daughter asked me if I was having fun doing the laundry. I replied, 'Loads.'
The little old woman who lived in a shoe wasn't the sole owner - there were strings attached.
This year I made my Christmas wreath out of Franklin Fir branches. I really like a wreath of Franklin.
Last night, I kept dreaming that I had written Lord of the Rings. The wife said I'd been tolkien in my sleep.
I heard Einstein got along well with his parents ... relatively speaking.
I really regretted the inconsiderate comment I made. It was rued.
What did the mama tire and the papa tire name their baby girl tire? Michelle Lynn.
I had tried passing myself off as my twin but I couldn't live with myself.
Life ain't fair for a baby. They always get the bum wrap!
I suspected our new house guest was a terrorist. He asked to sleep on a blow up mattress.
My neighbor's sprinkler is a constant irrigation to me.
Everyone in the family knew that they had to join the spy agency. It was a clan destine operation.
After the winter thaw, the entire neighborhood was able to start a slush fund for next year.
It was a sad day for the rattlesnake family, the time had come for the children to strike out on their own.
My brother wishes he could compose smutty verse as good as mine. Is this scribbling ribaldry?
What is the name of the immortal adolescent? Constantine!
My cousin has a callus on only one foot. Does that make her a unicorn?
The ghost never took sides during arguments. He was super neutral.
I knew my wife was pregnant when she looked at me with fertilize.
Even though he contributes either the X or Y chromosome, when a father chooses the sex of his child it's just a sperm of the moment decision.
When I was starving to death, my children gave me a raisin to keep on living.
Some doting parents are son worshipers.
An heir is someone with a descent wage.
The mother kangaroo tried to instill good financial habits in her baby. She told him to pocket all his allowance.
When the diva's vacuum cleaner broke, she refused to use a broom because it just wouldn't be Hoover.
It's a clumsy reflection of yourself when you break a mirror.
The wise old man is long in the truth.
What is the most non-confrontational age of kids? When they benign.
Epitaphs are engraved!
To the flat dwellers finding a level playing field was a complex issue!
Did you hear about the builder, who was retiring, and said to his Son, 'This is all yours now, son.' His son said, sadly, 'I dunno, dad. You're a hard hat to follow!'
My wife's dad spends a lot of time in the bathroom. He is my Father in Loo.
Because they moved into an apartment, they didn't need to cut the grass any mow.
Labor contracts come just before childbirth.
The fellow died before he was able to write his estranged daughter out of the will. Death before disown her.
Conjoined twins aren't the only twins with special connections.
My sister was telling me about our cousin. I have to say, he sounds familia.
In my will I've requested that envelopes be sent out full of chick-pea paste. It'll be done posthumously.
All births are an Emergency.
I got my child to sleep last night by just repeatedly saying 'bursary'. It was the only nursery rhyme I could think of.
Is the training given to expectant parents apparenticeship?
My father slept under the bed, I think he was a little potty.
Family feuds are espoused!!
I should have been sad when my flashlight batteries died, but I was delighted.
Why did the capacitor kiss the diode? He just couldn't resistor.
The lumberjack loved his new computer. He especially enjoyed logging in.
People who plug their computer keyboards into hi-fi systems aren't idiots. That would be stereotyping.
I shouldn't have plugged my iPhone into the PC at the kitchen. It's now in the sync.
The man put his name on the neck of his shirt so he would have collar ID.
My phone has to wear glasses ever since it lost its contacts.
Yesterday I was on the computer, I couldn't find the Esc and I lost Ctrl.
When the spammer's computer exploded, it blew him to kingdom.com.
The cat took up computer lessons in hopes of mastering its grip on a mouse.
I got angry when my cell phone battery died. My counselor suggested I find an outlet.
My computer is so slow it hertz.
I got a deal on a new computer, and they threw in the operating system to boot.
We are out of light bulbs. Our home faces a dim outlook.
I crossed a cell phone with a skunk, and now the service stinks.
My watch broke yesterday, but I guess every clock has its time.
Over the years elevators have had their fair share of ups and downs in terms of popularity, but thankfully the idea has not been shafted.
They came out with a GPS device for bird watchers that has tern by tern directions.
The next iPhone will be a huge 6s!
My calculator is broken. It was divided in half.
I tried to update my computer this morning but it wouldn't work. After several attempts, I had that syncing feeling.
I bought a computer from The Nero Company.  It comes with a CD/Rome burner.
Stairs are useful and all, but elevators are really some next level technology.
The phone call interrupted my nap, and I never did get the rest.
Did you hear about the man who got his finger stuck in his computer? He was trying to insert his thumb drive.
Yesterday I slept on a battery, it was a good power nap.
My computer's mouse wouldn't work. Then it clicked.
The man leaned on the printer cartridge because he wanted to tone up his abs.
To use a computer to prospect for gold, you need to downlode.
The triangular computer monitor business was just a big pyramid screen.
I put my phone on vibrate. An hour later I finally got a text massage.
Claustrophobic people are more productive thinking outside the box.
My friend was fired from his job at the road department for stealing. I have to say I saw it coming. The last time I was at his house all the signs were there.
I used to do balance and rotations at an auto shop. I felt like I was just spinning my wheels and decided to retire.
How do construction workers party? They raise the roof.
Tree trimmers do such a fantastic job, they should take a bough.
The man's pants zipper broke, but he fixed it on the fly.
Pencil sharpeners have a tough life - they live off tips.
A butcher was trying so hard to be funny, but he just wasn't making the cut.
After manually rotating the heavy machinery, the worker grew very cranky.
People who lack the patience for calligraphy will never have properly formed characters.
The librarian didn't know what to do with the book about Tesla's love of electricity, so he filed it under 'Current Affairs.'
The stripper was getting tired of the same old thong and dance.
'I am presently employed', said the gift wrapper.
What happened to the rich guy with the double chin? He made a four chin.
Now that they allow us to wear jeans at the office everyday, I am no longer a slacker.
The inept psychic attempted clairvoyance but just couldn't get intuit.
Installing a new bathroom fan is exhausting.
The carpenter came round the other day, he made the best entrance I have ever seen.
Even the smallest egg farms are multi-layer organisations.
The chimney sweep wore a soot and tye.
Why can't you trust Satan's resume? The devil lies in the details.
If you can't differentiate a blue collar and white collar worker by his hands, it is callous indifference.
Old carpenters never die, they just lumber around.
The linen shop gave their employees free bedding. Even their accountant had his own handmade spread sheet.
Telling a demolitionist how to do his job is destructive criticism.
I got a nasty electric shock the other day, but I wasn't phased.
The key to job searching is looking inside yourself. It's all about the inner view.
When milking a nervous goat, kid gloves should be used.
What top does an astronaut wear to the moon? Apollo shirt.
I think I screwed up with the construction. I couldn't nail it.
The pilot was a loner but even for him flying a drone was just too remote.
He has a soft spot for playing hard ball.
The weather man said there won't be any rain for 6 months, but I drought it.
Abrupt appearance of sinkholes is ground breaking news for media men!
Permanent press is a cycle of news laundering.
One of the joys of being a lightweight is that commuting by wind is a breeze!
My father's father wanted to know if he could stay with the company in spite of the many changes. They ended up grandfathering him in.
The inept telegrapher was a weapon of Morse destruction.
When my father took the whole bannister down including the newel, he deleted the post.
The magazine's rationale for running the story was paper thin.
Any type of criticism would aggregate the builder including constructive criticism.
A carburetor specialist had manifold advantages to better his career!
Tacks have a very pin point way of hurting.
Tying up a circle may take a lot of chords.
Fifth columnists of the fourth estate rated third grade, play a second fiddle to conspirators with their first-hand information!
An artist calls his sketch pad a home.
When they used bleach to clear a dark, wet corner, they broke the mold.
I was late starting to put the insulation at the front and now I'm lagging behind.
Did you hear about these new reversible jackets? I'm excited to see how they turn out.
There was a big paddle sale at the boat store. It was quite an oar deal.
Greengrocers earn a meager celery, come home beet and just want to read the pepper, take a leek, turnip the covers endive into bed.
The store keeps calling me to come back and buy more bedroom furniture, but all I really wanted was one night stand.
The use of drones to deliver magazines will certainly raise some issues.
Women who wear $200.00 perfume obviously are known to have no common scents.
Economic experts report that while cactus sales have spiked, aquarium sales have tanked.
The liquor store advertised, 'We De-Liver.'
A man walked into a chimney store and asked 'How much for this one?'. The salesman replied 'It's on the house.'
You know prices are rising when you buy a winter jacket and even down is up.
Sign on a broken perfume bottle, "Out of odor".
The store clerk lost his job, so he set up a kiosk in the mall to vend for himself.
I just bought a pair of bad frequency shoes. I keep doppling over and my foot hertz.
There were a bunch of pillows at the store. I took one and my friend took the rest.
I bought me some of those new paper shirts. I don't like them - they're tearable.
One of these new shoes isn't right.
If they ever have a contest for the best looking mannequin, there will be stiff competition.
After the carpet store burned down, only remnants remained.
Attention staff! The clothes keep falling off the mannequins in ladies' wear. Would someone please redress the problem?
The shop that sold ceramic heads was a bust.
The second hand clock shop had to wind up business as time ran out!
I'm not happy with this Origami clothing. It always looks creased no matter how carefully I fold it.
I was looking for watch batteries but I wound up at a clock shop.
Tire stores are highway rubbery.
Old calendars are outdated.
When Plato discovered he was out of food, he decided to go shop at the stoa.
After carelessly plucking her eyelashes while shopping for a corsage, Rose couldn't see the florist because of the tweeze.
The window company said it was pane full to reduce prices but they want to sill any deal possible.
Trophy shops often will give customers floss with their purchase to eliminate plaque problems.
I saw a poster for a company offering free quotes, so I called them and asked for something profound.
So, how's the flower business going? Oh, it's blossoming quite nicely.
I searched for designer compression stockings. My wife says it is because I'm so vein.
When Socrates needed to buy food he went to the grocery stoa.
The predatory prawn shop skinned many an octopus alive and put a lot of suckers on squid roe.
A range-finder is a person who goes shopping for a new stove.
My cousin works in a chocolate shop. He works behind the bar.
The exhibitionist went to the store because he heard they were having a flash sale.
A silk tie can make a winsome Windsor.
Economists report that garden centers are attempting to stem a fall in the sales of fresh flowers.
During the Christmas shopping season the department store staff became bow legged after wrapping hundreds of gifts.
I was going to buy a sweet shop but it would have cost me hundreds and thousands.
Children who fail their coloring exams always need a shoulder to crayon.
I was struggling to figure out how lightning works then it struck me.
I'm bad at math, so the equation 2n+2n is 4n to me.
A rule of grammar: double negatives are a no-no.
My student was late for class, claiming he was in the washroom. I think he was stalling.
I wondered why my geometry class was always tired. They were all out of shape.
I didn't understand the math, so the teacher summed it up for me.
I used to work as a high school ceramics teacher, but I got too close to the kiln and I was fired.
Little Jimmy told his teacher he never saw a humming bird but he had watched a spelling bee.
The high school music teacher was quite controversial. He told his students to read band books.
I was kicked out of math class for one too many infractions.
I've failed the mathematics test so many times I lost count.
In high school I recall having a beautiful but difficult math teacher. She was easy on the eyes and hard on the pupils!
My son's spelling test consisted of synonyms of the word incorrect. He was able to write every wrong.
We're not getting anywhere in geometry class. It feels like we're going in circles.
I can never understand my trigonometry teacher because he always talks in sine language.
As long as the imperial system is in place a ruler will be afoot.
Only the squares are doing well in geometry class. It's their area.
Geometry shapes my life!
The math teacher was a good dancer - he had algorithm.
The calculus teacher tried to keep his students on task, but the class discussion kept going off on tangents.
The girls swim team has a new coach who acts like she knows everything. Her name is Claire Buoyant.
An English teacher, who was dreadfully afraid of insects, while on a picnic screamed like a little girl when he saw there was an antonym.
If you see an improperly lowercased letter, you must capitalize on it.
The man who bought too much graphing paper didn't know where to draw the line.
The poor speller tried to express his reluctance to repeat sixth grade, but words failed him.
In equations with square numbers I can never find the root of the problem.
I need to do my philosophy homework but I just Kant.
Teaching history is old news.
When she made Mario Puzo's books required reading for her class, she made him an author they couldn't refuse.
Finding all possible logical relations between a finite collection of sets is not a matter of If but Venn.
I was caught studying the periodic table in English class. It was an elementary mistake.
The hoarfrost that forms on a daycare center's windows is called nursery rime.
Finding area is an integral part of calculus.
I strongly dislike the subject of math, however I am partial to fractions.
What did the dry erase marker say to the blackboard? Nothing! Dry erase markers don't chalk.
The philosophy student got an 'F' the day he forgot to turn in his Hume work.
The boy's guitar teacher helped him pick up his skills.
Kids who have one to one tuition are in a class of their own.
When the equation didn't balance out, it messed with the student's equilibrium.
High school grammar books are parse for the course.
The coffee tasted like mud because it was ground a couple of minutes ago.
Why are Italians so good at making coffee? Because they really know how to espresso themselves.
Ice cold coffee? Cool beans!
The concession stand at the circus had very good coffee. It was the greatest joe on earth.
What do people buy coffee with? Starbucks.
In a family 'Coffee Business' intake of outsiders is a filtered process to prevent spilling the beans!
The author wasn't pleased to see a review of his book on cappuccino's. It said it was all froth and no substance.
'Did you remember to buy me the coffee with ice cream inside it?'. 'Oh I'm sorry, affogato!'.
I went for a drink with a Matador the other day. I had a tea, he had a cafe au lait.
If you spend too much time in the coffee shop you'll be latte for work.
If a barista is not allowed to make espresso she will lose her tamper.
My wife is trying to lose weight but continues to frequent the coffee shops for rich beverages and delicacies. You could say she is making a moccary of her diet.
My fear of roses is a thorny issue. I'm not sure what it stems from, but it seems likely I'll be stuck with it.
The raisin wined about how he couldn't achieve grapeness.
When I bought some fruit trees the nursery owner gave me some insects to help with pollination. They were free bees.
I can't find my rutabaga. I hope it will turnip.
The farmer was surprised when his pumpkin won a blue ribbon at the State Fair. He shouted, 'Oh, my gourd.'
After winter, the trees are relieved.
Mr. Mushroom could never understand why he wasn't looked on as a real fun guy.
Why do trees have so many friends? They branch out.
The flower that wilted was in desperate need of a stem cell transplant.
After a cold winter, will deciduous trees be releaved?
In some conifer forests, you can't cedar wood for the trees.
The tree that was creating energy was turned into a power-plant.
I saw something similar to moss the other day, but I didn't know what to lichen it to.
Making fun of a tree is a knock on wood.
I've planted part of a riding whip. I'm hoping for a nice crop.
The forest had burned down, but now it's back by poplar demand.
The young pine sapling was admonished by his father. Apparently he'd been knotty.
The winter was difficult on the trees, but in the spring they were re-leafed.
It's evergreen and related to the pine but has no cones - perhaps yew can tell me what conifer tree it is.
Why don't miniature pumpkins go running with the bulls? They are afraid of being squashed or gourd.
Did Gregor Mendel ever win the Nobel Peas Prize?
You can raze a tree with a lumber jack.
Vines are extremely short-tempered. They snap at the slightest wind.
The garden club visited the nursery and found themselves in a hosta environment.
The Environmental Committee held a meeting on Saturday. They decided that we need to cut down on deforestation.
It's a lengthy article on Japanese Sword Fighters but I can Samurais it for you.
It is tough to do inventories in Afghanistan because of the tally ban.
Never make fun of a Scotsman's traditional garb. You could get kilt that way.
When I go to West Africa I'm Ghana make sure Togo to Mali and then I can say I've Benin Timbuktu.
I used to like Russian dolls until I realised they were full of themselves!
You don't know anything at all about ancient Egypt? Tut, tut, tut.
'Should we watch the Swiss?'. 'Of quartz we should.'
My friend said that if Watergate had happened in Scotland they would've had Scotch tape.
We are all speaking American. Is this a country diction in terms?
I shouted from a mountaintop in Italy and a famous author answered. I definitely heard an Eco.
The airlines have become so cash-strapped, they charged me for my emotional baggage.
What do you get when you cross a snake and a plane? A Boeing Constrictor.
Did you hear about the pilot who always had work? He was great at landing a job.
The debate about unmanned aircraft strikes just keeps droning on.
The plane flight brought my acrophobia to new heights.
One of the first things you'll notice at the Beijing airport is a whole lot of Chinese checkers.
I've heard that the airplane industry is really taking off and reaching new heights.
Most airline food is pretty bad, but their haggis is just plane offal.
The little green men told me it was the Dog Star. I told them they can't be Sirius.
A man threatened to jump off the side of a building - alledgedly.
A glide-path is a soar spot.
Plane crashes into lumber yard, end result remarkably smooth.
After a few beers on the plane, Charlie was flying high into the wild brew yonder.
A hurricane is a stick used to encourage speed.
An avionics warning is a flier alarm.
Aliens can easily understand each other because their language is universal.
Why didn't the little boy ask the flight attendant for a snack? He didn't have the nuts.
